[Container] 2022/02/24 19:43:31 Waiting for agent ping
[Container] 2022/02/24 19:43:32 Waiting for DOWNLOAD_SOURCE
[Container] 2022/02/24 19:43:32 Phase is DOWNLOAD_SOURCE
[Container] 2022/02/24 19:43:32 CODEBUILD_SRC_DIR=/codebuild/output/src050321413/src
[Container] 2022/02/24 19:43:32 YAML location is /codebuild/output/src050321413/src/buildspec.yml
[Container] 2022/02/24 19:43:32 Processing environment variables
[Container] 2022/02/24 19:43:32 Decrypting parameter store environment variables
[Container] 2022/02/24 19:43:32 Selecting 'python' runtime version '3.7' based on manual selections...
[Container] 2022/02/24 19:43:32 Running command echo "Installing Python version 3.7 ..."
Installing Python version 3.7 ...

[Container] 2022/02/24 19:43:32 Running command pyenv global  $PYTHON_37_VERSION

[Container] 2022/02/24 19:43:35 Moving to directory /codebuild/output/src050321413/src
[Container] 2022/02/24 19:43:35 Configuring ssm agent with target id: codebuild:66e8659b-79dd-4ffe-b24c-f9b9d4ef4250
[Container] 2022/02/24 19:43:35 Successfully updated ssm agent configuration
[Container] 2022/02/24 19:43:35 Registering with agent
[Container] 2022/02/24 19:43:35 Phases found in YAML: 4
[Container] 2022/02/24 19:43:35  INSTALL: 10 commands
[Container] 2022/02/24 19:43:35  PRE_BUILD: 6 commands
[Container] 2022/02/24 19:43:35  BUILD: 1 commands
[Container] 2022/02/24 19:43:35  POST_BUILD: 4 commands
[Container] 2022/02/24 19:43:35 Phase complete: DOWNLOAD_SOURCE State: SUCCEEDED
[Container] 2022/02/24 19:43:35 Phase context status code:  Message: 
[Container] 2022/02/24 19:43:35 Entering phase INSTALL
[Container] 2022/02/24 19:43:35 Running command echo 'about to call dockerd'
about to call dockerd

[Container] 2022/02/24 19:43:35 Running command nohup /usr/local/bin/dockerd --host=unix:///var/run/docker.sock --host=tcp://127.0.0.1:2375 --storage-driver=overlay2&

[Container] 2022/02/24 19:43:35 Running command timeout 15 sh -c "until docker info; do echo .; sleep 1; done"
Client:
 Context:    default
 Debug Mode: false

Server:
 Containers: 0
  Running: 0
  Paused: 0
  Stopped: 0
 Images: 0
 Server Version: 20.10.9
 Storage Driver: overlay2
  Backing Filesystem: extfs
  Supports d_type: true
  Native Overlay Diff: true
  userxattr: false
 Logging Driver: json-file
 Cgroup Driver: cgroupfs
 Cgroup Version: 1
 Plugins:
  Volume: local
  Network: bridge host ipvlan macvlan null overlay
  Log: awslogs fluentd gcplogs gelf journald json-file local logentries splunk syslog
 Swarm: inactive
 Runtimes: io.containerd.runc.v2 io.containerd.runtime.v1.linux runc
 Default Runtime: runc
 Init Binary: docker-init
 containerd version: 5b46e404f6b9f661a205e28d59c982d3634148f8
 runc version: v1.0.2-0-g52b36a2d
 init version: de40ad0
 Security Options:
  seccomp
   Profile: default
 Kernel Version: 4.14.252-195.483.amzn2.x86_64
 Operating System: Ubuntu 18.04.6 LTS (containerized)
 OSType: linux
 Architecture: x86_64
 CPUs: 2
 Total Memory: 3.644GiB
 Name: c6147754a781
 ID: XOMN:IDGR:TRE7:NVZD:V2LD:IHK3:VPUC:7CMS:QCVZ:NBZH:Y7VS:4Y2T
 Docker Root Dir: /var/lib/docker
 Debug Mode: false
 Registry: https://index.docker.io/v1/
 Labels:
 Experimental: false
 Insecure Registries:
  127.0.0.0/8
 Live Restore Enabled: false
 Product License: Community Engine

WARNING: API is accessible on http://127.0.0.1:2375 without encryption.
         Access to the remote API is equivalent to root access on the host. Refer
         to the 'Docker daemon attack surface' section in the documentation for
         more information: https://docs.docker.com/go/attack-surface/
WARNING: bridge-nf-call-iptables is disabled
WARNING: bridge-nf-call-ip6tables is disabled

[Container] 2022/02/24 19:43:35 Running command curl -sS -o aws-iam-authenticator https://amazon-eks.s3-us-west-2.amazonaws.com/1.10.3/2018-07-26/bin/linux/amd64/aws-iam-authenticator
time="2022-02-24T19:43:35.293933379Z" level=info msg="Starting up"
failed to start daemon: pid file found, ensure docker is not running or delete /var/run/docker.pid

[Container] 2022/02/24 19:43:38 Running command curl -LO https://storage.googleapis.com/kubernetes-release/release/`curl -s https://storage.googleapis.com/kubernetes-release/release/stable.txt`/bin/linux/amd64/kubectl
  % Total    % Received % Xferd  Average Speed   Time    Time     Time  Current
                                 Dload  Upload   Total   Spent    Left  Speed

  0     0    0     0    0     0      0      0 --:--:-- --:--:-- --:--:--     0
 39 44.4M   39 17.4M    0     0  47.8M      0 --:--:-- --:--:-- --:--:-- 47.7M
100 44.4M  100 44.4M    0     0  60.7M      0 --:--:-- --:--:-- --:--:-- 60.6M

[Container] 2022/02/24 19:43:38 Running command chmod +x ./kubectl ./aws-iam-authenticator

[Container] 2022/02/24 19:43:38 Running command echo `kubectl version`
The connection to the server localhost:8080 was refused - did you specify the right host or port?
Client Version: version.Info{Major:"1", Minor:"16+", GitVersion:"v1.16.8-eks-e16311", GitCommit:"e163110a04dcb2f39c3325af96d019b4925419eb", GitTreeState:"clean", BuildDate:"2020-03-27T22:40:13Z", GoVersion:"go1.13.8", Compiler:"gc", Platform:"linux/amd64"}

[Container] 2022/02/24 19:43:41 Running command export PATH=$PWD/:$PATH

[Container] 2022/02/24 19:43:41 Running command python -m pip install --upgrade --force pip
Collecting pip
  Downloading pip-22.0.3-py3-none-any.whl (2.1 MB)
Installing collected packages: pip
  Attempting uninstall: pip
    Found existing installation: pip 21.1.2
    Uninstalling pip-21.1.2:
      Successfully uninstalled pip-21.1.2
Successfully installed pip-22.0.3
WARNING: Running pip as root will break packages and permissions. You should install packages reliably by using venv: https://pip.pypa.io/warnings/venv

[Container] 2022/02/24 19:43:49 Running command apt-get update && apt-get -y install jq  && pip install --upgrade awscli
Get:1 https://apt.corretto.aws stable InRelease [10.7 kB]
Get:2 https://download.mono-project.com/repo/ubuntu stable-bionic InRelease [5143 B]
Get:3 https://dl.yarnpkg.com/debian stable InRelease [17.1 kB]
Get:4 http://archive.ubuntu.com/ubuntu bionic InRelease [242 kB]
Get:5 http://ppa.launchpad.net/git-core/ppa/ubuntu bionic InRelease [20.8 kB]
Get:6 http://security.ubuntu.com/ubuntu bionic-security InRelease [88.7 kB]
Get:7 http://archive.canonical.com/ubuntu bionic InRelease [10.2 kB]
Get:8 https://apt.corretto.aws stable/main i386 Packages [2642 B]
Get:9 https://apt.corretto.aws stable/main amd64 Packages [7849 B]
Get:10 https://download.mono-project.com/repo/ubuntu stable-bionic/main i386 Packages [49.1 kB]
Get:11 https://download.mono-project.com/repo/ubuntu stable-bionic/main amd64 Packages [49.1 kB]
Get:12 http://ppa.launchpad.net/malteworld/ppa/ubuntu bionic InRelease [15.3 kB]
Get:13 https://dl.yarnpkg.com/debian stable/main i386 Packages [10.7 kB]
Get:14 https://dl.yarnpkg.com/debian stable/main all Packages [10.7 kB]
Get:15 https://dl.yarnpkg.com/debian stable/main amd64 Packages [10.7 kB]
Get:16 http://archive.ubuntu.com/ubuntu bionic-updates InRelease [88.7 kB]
Get:17 http://archive.canonical.com/ubuntu bionic/partner amd64 Packages [1587 B]
Get:18 http://ppa.launchpad.net/git-core/ppa/ubuntu bionic/main amd64 Packages [3160 B]
Get:19 http://archive.ubuntu.com/ubuntu bionic-backports InRelease [74.6 kB]
Get:20 http://security.ubuntu.com/ubuntu bionic-security/universe amd64 Packages [1474 kB]
Get:21 http://archive.canonical.com/ubuntu bionic/partner i386 Packages [1584 B]
Get:22 http://ppa.launchpad.net/git-core/ppa/ubuntu bionic/main i386 Packages [3160 B]
Get:23 http://archive.ubuntu.com/ubuntu bionic/restricted i386 Packages [13.5 kB]
Get:24 http://archive.ubuntu.com/ubuntu bionic/universe amd64 Packages [11.3 MB]
Get:25 http://security.ubuntu.com/ubuntu bionic-security/multiverse amd64 Packages [21.1 kB]
Get:26 http://security.ubuntu.com/ubuntu bionic-security/main i386 Packages [1394 kB]
Get:27 http://security.ubuntu.com/ubuntu bionic-security/restricted i386 Packages [29.8 kB]
Get:28 http://security.ubuntu.com/ubuntu bionic-security/universe i386 Packages [1264 kB]
Get:29 http://security.ubuntu.com/ubuntu bionic-security/restricted amd64 Packages [806 kB]
Get:30 http://security.ubuntu.com/ubuntu bionic-security/multiverse i386 Packages [6610 B]
Get:31 http://security.ubuntu.com/ubuntu bionic-security/main amd64 Packages [2596 kB]
Get:32 http://archive.ubuntu.com/ubuntu bionic/restricted amd64 Packages [13.5 kB]
Get:33 http://archive.ubuntu.com/ubuntu bionic/multiverse amd64 Packages [186 kB]
Get:34 http://archive.ubuntu.com/ubuntu bionic/main i386 Packages [1328 kB]
Get:35 http://archive.ubuntu.com/ubuntu bionic/main amd64 Packages [1344 kB]
Get:36 http://archive.ubuntu.com/ubuntu bionic/multiverse i386 Packages [177 kB]
Get:37 http://archive.ubuntu.com/ubuntu bionic/universe i386 Packages [11.3 MB]
Get:38 http://archive.ubuntu.com/ubuntu bionic-updates/multiverse amd64 Packages [29.0 kB]
Get:39 http://archive.ubuntu.com/ubuntu bionic-updates/main amd64 Packages [3035 kB]
Get:40 http://archive.ubuntu.com/ubuntu bionic-updates/restricted i386 Packages [40.3 kB]
Get:41 http://archive.ubuntu.com/ubuntu bionic-updates/universe i386 Packages [2016 kB]
Get:42 http://archive.ubuntu.com/ubuntu bionic-updates/universe amd64 Packages [2252 kB]
Get:43 http://archive.ubuntu.com/ubuntu bionic-updates/main i386 Packages [1786 kB]
Get:44 http://archive.ubuntu.com/ubuntu bionic-updates/multiverse i386 Packages [12.7 kB]
Get:45 http://archive.ubuntu.com/ubuntu bionic-updates/restricted amd64 Packages [840 kB]
Get:46 http://archive.ubuntu.com/ubuntu bionic-backports/main i386 Packages [11.6 kB]
Get:47 http://archive.ubuntu.com/ubuntu bionic-backports/universe amd64 Packages [12.6 kB]
Get:48 http://archive.ubuntu.com/ubuntu bionic-backports/universe i386 Packages [12.6 kB]
Get:49 http://archive.ubuntu.com/ubuntu bionic-backports/main amd64 Packages [11.6 kB]
Fetched 44.1 MB in 4s (11.0 MB/s)
Reading package lists...
Reading package lists...
Building dependency tree...
Reading state information...
jq is already the newest version (1.5+dfsg-2).
0 upgraded, 0 newly installed, 0 to remove and 70 not upgraded.
Requirement already satisfied: awscli in /root/.pyenv/versions/3.7.10/lib/python3.7/site-packages (1.20.58)
Collecting awscli
  Downloading awscli-1.22.61-py3-none-any.whl (3.8 MB)
     ━━━━━━━━━━━━━━━━━━━━━━━━━━━━━━━━━━━━━━━━ 3.8/3.8 MB 59.4 MB/s eta 0:00:00
Requirement already satisfied: docutils<0.16,>=0.10 in /root/.pyenv/versions/3.7.10/lib/python3.7/site-packages (from awscli) (0.15.2)
Requirement already satisfied: PyYAML<5.5,>=3.10 in /root/.pyenv/versions/3.7.10/lib/python3.7/site-packages (from awscli) (5.4.1)
Requirement already satisfied: s3transfer<0.6.0,>=0.5.0 in /root/.pyenv/versions/3.7.10/lib/python3.7/site-packages (from awscli) (0.5.0)
Collecting botocore==1.24.6
  Downloading botocore-1.24.6-py3-none-any.whl (8.5 MB)
     ━━━━━━━━━━━━━━━━━━━━━━━━━━━━━━━━━━━━━━━━ 8.5/8.5 MB 82.6 MB/s eta 0:00:00
Requirement already satisfied: rsa<4.8,>=3.1.2 in /root/.pyenv/versions/3.7.10/lib/python3.7/site-packages (from awscli) (4.7.2)
Requirement already satisfied: colorama<0.4.4,>=0.2.5 in /root/.pyenv/versions/3.7.10/lib/python3.7/site-packages (from awscli) (0.4.3)
Requirement already satisfied: urllib3<1.27,>=1.25.4 in /root/.pyenv/versions/3.7.10/lib/python3.7/site-packages (from botocore==1.24.6->awscli) (1.26.7)
Requirement already satisfied: python-dateutil<3.0.0,>=2.1 in /root/.pyenv/versions/3.7.10/lib/python3.7/site-packages (from botocore==1.24.6->awscli) (2.8.2)
Requirement already satisfied: jmespath<1.0.0,>=0.7.1 in /root/.pyenv/versions/3.7.10/lib/python3.7/site-packages (from botocore==1.24.6->awscli) (0.10.0)
Requirement already satisfied: pyasn1>=0.1.3 in /root/.pyenv/versions/3.7.10/lib/python3.7/site-packages (from rsa<4.8,>=3.1.2->awscli) (0.4.8)
Requirement already satisfied: six>=1.5 in /root/.pyenv/versions/3.7.10/lib/python3.7/site-packages (from python-dateutil<3.0.0,>=2.1->botocore==1.24.6->awscli) (1.16.0)
Installing collected packages: botocore, awscli
  Attempting uninstall: botocore
    Found existing installation: botocore 1.21.58
    Uninstalling botocore-1.21.58:
      Successfully uninstalled botocore-1.21.58
  Attempting uninstall: awscli
    Found existing installation: awscli 1.20.58
    Uninstalling awscli-1.20.58:
      Successfully uninstalled awscli-1.20.58
ERROR: pip's dependency resolver does not currently take into account all the packages that are installed. This behaviour is the source of the following dependency conflicts.
boto3 1.18.58 requires botocore<1.22.0,>=1.21.58, but you have botocore 1.24.6 which is incompatible.
Successfully installed awscli-1.22.61 botocore-1.24.6
WARNING: Running pip as the 'root' user can result in broken permissions and conflicting behaviour with the system package manager. It is recommended to use a virtual environment instead: https://pip.pypa.io/warnings/venv

[Container] 2022/02/24 19:44:09 Phase complete: INSTALL State: SUCCEEDED
[Container] 2022/02/24 19:44:09 Phase context status code:  Message: 
[Container] 2022/02/24 19:44:10 Entering phase PRE_BUILD
[Container] 2022/02/24 19:44:10 Running command TAG="$REPOSITORY_NAME.$REPOSITORY_BRANCH.$ENVIRONMENT_NAME.$(date +%Y-%m-%d.%H.%M.%S).$(echo $CODEBUILD_RESOLVED_SOURCE_VERSION | head -c 8)"

[Container] 2022/02/24 19:44:10 Running command sed -i 's@CONTAINER_IMAGE@'"$REPOSITORY_URI:$TAG"'@' simple_jwt_api.yml

[Container] 2022/02/24 19:44:10 Running command $(aws ecr get-login --no-include-email)
WARNING! Using --password via the CLI is insecure. Use --password-stdin.
WARNING! Your password will be stored unencrypted in /root/.docker/config.json.
Configure a credential helper to remove this warning. See
https://docs.docker.com/engine/reference/commandline/login/#credentials-store

Login Succeeded

[Container] 2022/02/24 19:44:11 Running command export KUBECONFIG=$HOME/.kube/config

[Container] 2022/02/24 19:44:11 Running command pip3 install -r requirements.txt
Collecting pyjwt==1.7.1
  Downloading PyJWT-1.7.1-py2.py3-none-any.whl (18 kB)
Collecting flask==1.1.2
  Downloading Flask-1.1.2-py2.py3-none-any.whl (94 kB)
     ━━━━━━━━━━━━━━━━━━━━━━━━━━━━━━━━━━━━━━━━ 94.6/94.6 KB 2.8 MB/s eta 0:00:00
Collecting gunicorn==20.0.4
  Downloading gunicorn-20.0.4-py2.py3-none-any.whl (77 kB)
     ━━━━━━━━━━━━━━━━━━━━━━━━━━━━━━━━━━━━━━━━ 77.9/77.9 KB 19.3 MB/s eta 0:00:00
Collecting pytest==6.2.2
  Downloading pytest-6.2.2-py3-none-any.whl (280 kB)
     ━━━━━━━━━━━━━━━━━━━━━━━━━━━━━━━━━━━━━━━ 280.1/280.1 KB 5.8 MB/s eta 0:00:00
Requirement already satisfied: Jinja2>=2.10.1 in /root/.pyenv/versions/3.7.10/lib/python3.7/site-packages (from flask==1.1.2->-r requirements.txt (line 2)) (2.11.3)
Requirement already satisfied: Werkzeug>=0.15 in /root/.pyenv/versions/3.7.10/lib/python3.7/site-packages (from flask==1.1.2->-r requirements.txt (line 2)) (1.0.1)
Requirement already satisfied: itsdangerous>=0.24 in /root/.pyenv/versions/3.7.10/lib/python3.7/site-packages (from flask==1.1.2->-r requirements.txt (line 2)) (1.1.0)
Requirement already satisfied: click>=5.1 in /root/.pyenv/versions/3.7.10/lib/python3.7/site-packages (from flask==1.1.2->-r requirements.txt (line 2)) (7.1.2)
Requirement already satisfied: setuptools>=3.0 in /root/.pyenv/versions/3.7.10/lib/python3.7/site-packages (from gunicorn==20.0.4->-r requirements.txt (line 3)) (58.2.0)
Collecting py>=1.8.2
  Downloading py-1.11.0-py2.py3-none-any.whl (98 kB)
     ━━━━━━━━━━━━━━━━━━━━━━━━━━━━━━━━━━━━━━━━ 98.7/98.7 KB 22.7 MB/s eta 0:00:00
Collecting pluggy<1.0.0a1,>=0.12
  Downloading pluggy-0.13.1-py2.py3-none-any.whl (18 kB)
Requirement already satisfied: attrs>=19.2.0 in /root/.pyenv/versions/3.7.10/lib/python3.7/site-packages (from pytest==6.2.2->-r requirements.txt (line 4)) (21.2.0)
Collecting toml
  Downloading toml-0.10.2-py2.py3-none-any.whl (16 kB)
Requirement already satisfied: importlib-metadata>=0.12 in /root/.pyenv/versions/3.7.10/lib/python3.7/site-packages (from pytest==6.2.2->-r requirements.txt (line 4)) (4.8.1)
Collecting packaging
  Downloading packaging-21.3-py3-none-any.whl (40 kB)
     ━━━━━━━━━━━━━━━━━━━━━━━━━━━━━━━━━━━━━━━━ 40.8/40.8 KB 8.8 MB/s eta 0:00:00
Collecting iniconfig
  Downloading iniconfig-1.1.1-py2.py3-none-any.whl (5.0 kB)
Requirement already satisfied: typing-extensions>=3.6.4 in /root/.pyenv/versions/3.7.10/lib/python3.7/site-packages (from importlib-metadata>=0.12->pytest==6.2.2->-r requirements.txt (line 4)) (3.10.0.2)
Requirement already satisfied: zipp>=0.5 in /root/.pyenv/versions/3.7.10/lib/python3.7/site-packages (from importlib-metadata>=0.12->pytest==6.2.2->-r requirements.txt (line 4)) (3.6.0)
Requirement already satisfied: MarkupSafe>=0.23 in /root/.pyenv/versions/3.7.10/lib/python3.7/site-packages (from Jinja2>=2.10.1->flask==1.1.2->-r requirements.txt (line 2)) (2.0.1)
Collecting pyparsing!=3.0.5,>=2.0.2
  Downloading pyparsing-3.0.7-py3-none-any.whl (98 kB)
     ━━━━━━━━━━━━━━━━━━━━━━━━━━━━━━━━━━━━━━━━ 98.0/98.0 KB 23.6 MB/s eta 0:00:00
Installing collected packages: pyjwt, iniconfig, toml, pyparsing, py, gunicorn, pluggy, packaging, flask, pytest
  Attempting uninstall: flask
    Found existing installation: Flask 1.1.4
    Uninstalling Flask-1.1.4:
      Successfully uninstalled Flask-1.1.4
Successfully installed flask-1.1.2 gunicorn-20.0.4 iniconfig-1.1.1 packaging-21.3 pluggy-0.13.1 py-1.11.0 pyjwt-1.7.1 pyparsing-3.0.7 pytest-6.2.2 toml-0.10.2
WARNING: Running pip as the 'root' user can result in broken permissions and conflicting behaviour with the system package manager. It is recommended to use a virtual environment instead: https://pip.pypa.io/warnings/venv

[Container] 2022/02/24 19:44:13 Running command python -m pytest test_main.py
============================= test session starts ==============================
platform linux -- Python 3.7.10, pytest-6.2.2, py-1.11.0, pluggy-0.13.1
rootdir: /codebuild/output/src050321413/src
collected 2 items

test_main.py ..                                                          [100%]

============================== 2 passed in 0.22s ===============================

[Container] 2022/02/24 19:44:13 Phase complete: PRE_BUILD State: SUCCEEDED
[Container] 2022/02/24 19:44:13 Phase context status code:  Message: 
[Container] 2022/02/24 19:44:14 Entering phase BUILD
[Container] 2022/02/24 19:44:14 Running command docker build --tag $REPOSITORY_URI:$TAG .
Sending build context to Docker daemon  73.33MB

Step 1/8 : FROM python:stretch
toomanyrequests: You have reached your pull rate limit. You may increase the limit by authenticating and upgrading: https://www.docker.com/increase-rate-limit

[Container] 2022/02/24 19:44:14 Command did not exit successfully docker build --tag $REPOSITORY_URI:$TAG . exit status 1
[Container] 2022/02/24 19:44:14 Phase complete: BUILD State: FAILED
[Container] 2022/02/24 19:44:14 Phase context status code: COMMAND_EXECUTION_ERROR Message: Error while executing command: docker build --tag $REPOSITORY_URI:$TAG .. Reason: exit status 1
[Container] 2022/02/24 19:44:14 Entering phase POST_BUILD
[Container] 2022/02/24 19:44:14 Running command docker push $REPOSITORY_URI:$TAG
The push refers to repository [279272046356.dkr.ecr.us-east-1.amazonaws.com/ci-cd-stack-ecrdockerrepository-mxiresd1ojvp]
An image does not exist locally with the tag: 279272046356.dkr.ecr.us-east-1.amazonaws.com/ci-cd-stack-ecrdockerrepository-mxiresd1ojvp

[Container] 2022/02/24 19:44:14 Command did not exit successfully docker push $REPOSITORY_URI:$TAG exit status 1
[Container] 2022/02/24 19:44:14 Phase complete: POST_BUILD State: FAILED
[Container] 2022/02/24 19:44:14 Phase context status code: COMMAND_EXECUTION_ERROR Message: Error while executing command: docker push $REPOSITORY_URI:$TAG. Reason: exit status 1
[Container] 2022/02/24 19:44:14 Expanding base directory path: .
[Container] 2022/02/24 19:44:14 Assembling file list
[Container] 2022/02/24 19:44:14 Expanding .
[Container] 2022/02/24 19:44:14 Expanding file paths for base directory .
[Container] 2022/02/24 19:44:14 Assembling file list
[Container] 2022/02/24 19:44:14 Expanding build.json
[Container] 2022/02/24 19:44:14 Skipping invalid file path build.json
[Container] 2022/02/24 19:44:14 Phase complete: UPLOAD_ARTIFACTS State: FAILED
[Container] 2022/02/24 19:44:14 Phase context status code: CLIENT_ERROR Message: no matching artifact paths found